{"E:\\SourceControl\\webpack_test\\src\\core\\time-sensitive.js": {"path":"E:\\SourceControl\\webpack_test\\src\\core\\time-sensitive.js","statementMap":{"0":{"start":{"line":2,"column":17},"end":{"line":2,"column":18}},"1":{"start":{"line":3,"column":22},"end":{"line":3,"column":23}},"2":{"start":{"line":6,"column":4},"end":{"line":6,"column":46}},"3":{"start":{"line":12,"column":4},"end":{"line":12,"column":16}},"4":{"start":{"line":16,"column":4},"end":{"line":22,"column":5}},"5":{"start":{"line":17,"column":6},"end":{"line":17,"column":37}},"6":{"start":{"line":18,"column":6},"end":{"line":21,"column":7}},"7":{"start":{"line":19,"column":8},"end":{"line":19,"column":52}},"8":{"start":{"line":20,"column":8},"end":{"line":20,"column":23}},"9":{"start":{"line":26,"column":4},"end":{"line":26,"column":66}},"10":{"start":{"line":27,"column":4},"end":{"line":27,"column":22}}},"fnMap":{"0":{"name":"(anonymous_0)","decl":{"start":{"line":5,"column":2},"end":{"line":5,"column":3}},"loc":{"start":{"line":5,"column":32},"end":{"line":7,"column":3}},"line":5},"1":{"name":"(anonymous_1)","decl":{"start":{"line":9,"column":2},"end":{"line":9,"column":3}},"loc":{"start":{"line":9,"column":19},"end":{"line":13,"column":3}},"line":9},"2":{"name":"(anonymous_2)","decl":{"start":{"line":15,"column":2},"end":{"line":15,"column":3}},"loc":{"start":{"line":15,"column":22},"end":{"line":23,"column":3}},"line":15},"3":{"name":"(anonymous_3)","decl":{"start":{"line":25,"column":2},"end":{"line":25,"column":3}},"loc":{"start":{"line":25,"column":12},"end":{"line":28,"column":3}},"line":25}},"branchMap":{"0":{"loc":{"start":{"line":16,"column":4},"end":{"line":22,"column":5}},"type":"if","locations":[{"start":{"line":16,"column":4},"end":{"line":22,"column":5}},{"start":{"line":16,"column":4},"end":{"line":22,"column":5}}],"line":16},"1":{"loc":{"start":{"line":18,"column":6},"end":{"line":21,"column":7}},"type":"if","locations":[{"start":{"line":18,"column":6},"end":{"line":21,"column":7}},{"start":{"line":18,"column":6},"end":{"line":21,"column":7}}],"line":18}},"s":{"0":3,"1":3,"2":3,"3":0,"4":4,"5":3,"6":3,"7":2,"8":2,"9":0,"10":0},"f":{"0":3,"1":0,"2":4,"3":0},"b":{"0":[3,1],"1":[2,1]},"_coverageSchema":"1a1c01bbd47fc00a2c39e90264f33305004495a9","hash":"ffea3ac28bc00064b8255b922bf2228cf6eca578"}
,"E:\\SourceControl\\webpack_test\\src\\core\\inventory\\crafting-recipe.js": {"path":"E:\\SourceControl\\webpack_test\\src\\core\\inventory\\crafting-recipe.js","statementMap":{"0":{"start":{"line":12,"column":8},"end":{"line":12,"column":29}},"1":{"start":{"line":13,"column":8},"end":{"line":13,"column":31}},"2":{"start":{"line":14,"column":8},"end":{"line":14,"column":33}}},"fnMap":{"0":{"name":"(anonymous_0)","decl":{"start":{"line":11,"column":4},"end":{"line":11,"column":5}},"loc":{"start":{"line":11,"column":43},"end":{"line":15,"column":5}},"line":11}},"branchMap":{},"s":{"0":6,"1":6,"2":6},"f":{"0":6},"b":{},"_coverageSchema":"1a1c01bbd47fc00a2c39e90264f33305004495a9","hash":"856e9cf0a7da506414348e5765c135408c6d5053"}
,"E:\\SourceControl\\webpack_test\\src\\core\\inventory\\crate.js": {"path":"E:\\SourceControl\\webpack_test\\src\\core\\inventory\\crate.js","statementMap":{"0":{"start":{"line":3,"column":8},"end":{"line":5,"column":9}},"1":{"start":{"line":4,"column":12},"end":{"line":4,"column":55}},"2":{"start":{"line":7,"column":8},"end":{"line":9,"column":9}},"3":{"start":{"line":8,"column":12},"end":{"line":8,"column":56}},"4":{"start":{"line":11,"column":8},"end":{"line":11,"column":33}},"5":{"start":{"line":12,"column":8},"end":{"line":12,"column":33}}},"fnMap":{"0":{"name":"(anonymous_0)","decl":{"start":{"line":2,"column":4},"end":{"line":2,"column":5}},"loc":{"start":{"line":2,"column":35},"end":{"line":13,"column":5}},"line":2}},"branchMap":{"0":{"loc":{"start":{"line":3,"column":8},"end":{"line":5,"column":9}},"type":"if","locations":[{"start":{"line":3,"column":8},"end":{"line":5,"column":9}},{"start":{"line":3,"column":8},"end":{"line":5,"column":9}}],"line":3},"1":{"loc":{"start":{"line":7,"column":8},"end":{"line":9,"column":9}},"type":"if","locations":[{"start":{"line":7,"column":8},"end":{"line":9,"column":9}},{"start":{"line":7,"column":8},"end":{"line":9,"column":9}}],"line":7}},"s":{"0":10,"1":0,"2":10,"3":0,"4":10,"5":10},"f":{"0":10},"b":{"0":[0,10],"1":[0,10]},"_coverageSchema":"1a1c01bbd47fc00a2c39e90264f33305004495a9","hash":"2c817572b113baa668525c534f293e11fe63f349"}
,"E:\\SourceControl\\webpack_test\\src\\core\\inventory\\factory.js": {"path":"E:\\SourceControl\\webpack_test\\src\\core\\inventory\\factory.js","statementMap":{"0":{"start":{"line":19,"column":8},"end":{"line":19,"column":39}},"1":{"start":{"line":20,"column":8},"end":{"line":20,"column":36}},"2":{"start":{"line":21,"column":8},"end":{"line":21,"column":46}},"3":{"start":{"line":22,"column":8},"end":{"line":22,"column":32}},"4":{"start":{"line":23,"column":8},"end":{"line":23,"column":47}},"5":{"start":{"line":27,"column":8},"end":{"line":32,"column":9}},"6":{"start":{"line":28,"column":29},"end":{"line":30,"column":14}},"7":{"start":{"line":29,"column":16},"end":{"line":29,"column":80}},"8":{"start":{"line":31,"column":12},"end":{"line":31,"column":51}},"9":{"start":{"line":31,"column":39},"end":{"line":31,"column":49}},"10":{"start":{"line":34,"column":8},"end":{"line":34,"column":20}},"11":{"start":{"line":38,"column":8},"end":{"line":40,"column":11}},"12":{"start":{"line":39,"column":12},"end":{"line":39,"column":71}},"13":{"start":{"line":48,"column":23},"end":{"line":48,"column":53}},"14":{"start":{"line":49,"column":8},"end":{"line":49,"column":22}}},"fnMap":{"0":{"name":"(anonymous_0)","decl":{"start":{"line":18,"column":4},"end":{"line":18,"column":5}},"loc":{"start":{"line":18,"column":51},"end":{"line":24,"column":5}},"line":18},"1":{"name":"(anonymous_1)","decl":{"start":{"line":26,"column":4},"end":{"line":26,"column":5}},"loc":{"start":{"line":26,"column":20},"end":{"line":35,"column":5}},"line":26},"2":{"name":"(anonymous_2)","decl":{"start":{"line":28,"column":61},"end":{"line":28,"column":62}},"loc":{"start":{"line":28,"column":70},"end":{"line":30,"column":13}},"line":28},"3":{"name":"(anonymous_3)","decl":{"start":{"line":31,"column":34},"end":{"line":31,"column":35}},"loc":{"start":{"line":31,"column":39},"end":{"line":31,"column":49}},"line":31},"4":{"name":"(anonymous_4)","decl":{"start":{"line":37,"column":4},"end":{"line":37,"column":5}},"loc":{"start":{"line":37,"column":13},"end":{"line":41,"column":5}},"line":37},"5":{"name":"(anonymous_5)","decl":{"start":{"line":38,"column":45},"end":{"line":38,"column":46}},"loc":{"start":{"line":38,"column":53},"end":{"line":40,"column":9}},"line":38},"6":{"name":"(anonymous_6)","decl":{"start":{"line":47,"column":4},"end":{"line":47,"column":5}},"loc":{"start":{"line":47,"column":18},"end":{"line":50,"column":5}},"line":47}},"branchMap":{"0":{"loc":{"start":{"line":27,"column":8},"end":{"line":32,"column":9}},"type":"if","locations":[{"start":{"line":27,"column":8},"end":{"line":32,"column":9}},{"start":{"line":27,"column":8},"end":{"line":32,"column":9}}],"line":27}},"s":{"0":3,"1":3,"2":3,"3":3,"4":3,"5":4,"6":2,"7":2,"8":2,"9":2,"10":2,"11":2,"12":2,"13":2,"14":2},"f":{"0":3,"1":4,"2":2,"3":2,"4":2,"5":2,"6":2},"b":{"0":[2,2]},"_coverageSchema":"1a1c01bbd47fc00a2c39e90264f33305004495a9","hash":"cfd3e23f7f17a1a7f3507f2f337d5d2659131ff7"}
,"E:\\SourceControl\\webpack_test\\src\\core\\inventory\\warehouse.js": {"path":"E:\\SourceControl\\webpack_test\\src\\core\\inventory\\warehouse.js","statementMap":{"0":{"start":{"line":8,"column":8},"end":{"line":8,"column":41}},"1":{"start":{"line":9,"column":8},"end":{"line":9,"column":38}},"2":{"start":{"line":13,"column":24},"end":{"line":13,"column":26}},"3":{"start":{"line":14,"column":8},"end":{"line":17,"column":9}},"4":{"start":{"line":15,"column":29},"end":{"line":15,"column":51}},"5":{"start":{"line":16,"column":12},"end":{"line":16,"column":77}},"6":{"start":{"line":19,"column":8},"end":{"line":19,"column":25}},"7":{"start":{"line":20,"column":8},"end":{"line":20,"column":23}},"8":{"start":{"line":24,"column":8},"end":{"line":27,"column":9}},"9":{"start":{"line":25,"column":12},"end":{"line":25,"column":51}},"10":{"start":{"line":26,"column":12},"end":{"line":26,"column":28}},"11":{"start":{"line":29,"column":8},"end":{"line":29,"column":17}},"12":{"start":{"line":34,"column":8},"end":{"line":34,"column":20}},"13":{"start":{"line":38,"column":8},"end":{"line":47,"column":9}},"14":{"start":{"line":39,"column":12},"end":{"line":41,"column":13}},"15":{"start":{"line":40,"column":16},"end":{"line":40,"column":47}},"16":{"start":{"line":43,"column":12},"end":{"line":43,"column":51}},"17":{"start":{"line":44,"column":12},"end":{"line":44,"column":24}},"18":{"start":{"line":46,"column":12},"end":{"line":46,"column":25}},"19":{"start":{"line":59,"column":8},"end":{"line":61,"column":9}},"20":{"start":{"line":60,"column":12},"end":{"line":60,"column":45}},"21":{"start":{"line":62,"column":8},"end":{"line":64,"column":9}},"22":{"start":{"line":63,"column":12},"end":{"line":63,"column":44}},"23":{"start":{"line":66,"column":22},"end":{"line":66,"column":48}},"24":{"start":{"line":67,"column":8},"end":{"line":69,"column":9}},"25":{"start":{"line":68,"column":12},"end":{"line":68,"column":37}},"26":{"start":{"line":71,"column":8},"end":{"line":71,"column":21}}},"fnMap":{"0":{"name":"(anonymous_0)","decl":{"start":{"line":7,"column":4},"end":{"line":7,"column":5}},"loc":{"start":{"line":7,"column":38},"end":{"line":10,"column":5}},"line":7},"1":{"name":"(anonymous_1)","decl":{"start":{"line":12,"column":4},"end":{"line":12,"column":5}},"loc":{"start":{"line":12,"column":13},"end":{"line":21,"column":5}},"line":12},"2":{"name":"(anonymous_2)","decl":{"start":{"line":23,"column":4},"end":{"line":23,"column":5}},"loc":{"start":{"line":23,"column":28},"end":{"line":30,"column":5}},"line":23},"3":{"name":"(anonymous_3)","decl":{"start":{"line":32,"column":4},"end":{"line":32,"column":5}},"loc":{"start":{"line":32,"column":34},"end":{"line":35,"column":5}},"line":32},"4":{"name":"(anonymous_4)","decl":{"start":{"line":37,"column":4},"end":{"line":37,"column":5}},"loc":{"start":{"line":37,"column":31},"end":{"line":48,"column":5}},"line":37},"5":{"name":"(anonymous_5)","decl":{"start":{"line":50,"column":4},"end":{"line":50,"column":5}},"loc":{"start":{"line":50,"column":31},"end":{"line":52,"column":5}},"line":50},"6":{"name":"(anonymous_6)","decl":{"start":{"line":54,"column":4},"end":{"line":54,"column":5}},"loc":{"start":{"line":54,"column":31},"end":{"line":56,"column":5}},"line":54},"7":{"name":"(anonymous_7)","decl":{"start":{"line":58,"column":4},"end":{"line":58,"column":5}},"loc":{"start":{"line":58,"column":32},"end":{"line":72,"column":5}},"line":58}},"branchMap":{"0":{"loc":{"start":{"line":8,"column":22},"end":{"line":8,"column":40}},"type":"binary-expr","locations":[{"start":{"line":8,"column":22},"end":{"line":8,"column":34}},{"start":{"line":8,"column":38},"end":{"line":8,"column":40}}],"line":8},"1":{"loc":{"start":{"line":9,"column":24},"end":{"line":9,"column":37}},"type":"binary-expr","locations":[{"start":{"line":9,"column":24},"end":{"line":9,"column":31}},{"start":{"line":9,"column":35},"end":{"line":9,"column":37}}],"line":9},"2":{"loc":{"start":{"line":24,"column":8},"end":{"line":27,"column":9}},"type":"if","locations":[{"start":{"line":24,"column":8},"end":{"line":27,"column":9}},{"start":{"line":24,"column":8},"end":{"line":27,"column":9}}],"line":24},"3":{"loc":{"start":{"line":38,"column":8},"end":{"line":47,"column":9}},"type":"if","locations":[{"start":{"line":38,"column":8},"end":{"line":47,"column":9}},{"start":{"line":38,"column":8},"end":{"line":47,"column":9}}],"line":38},"4":{"loc":{"start":{"line":39,"column":12},"end":{"line":41,"column":13}},"type":"if","locations":[{"start":{"line":39,"column":12},"end":{"line":41,"column":13}},{"start":{"line":39,"column":12},"end":{"line":41,"column":13}}],"line":39},"5":{"loc":{"start":{"line":59,"column":8},"end":{"line":61,"column":9}},"type":"if","locations":[{"start":{"line":59,"column":8},"end":{"line":61,"column":9}},{"start":{"line":59,"column":8},"end":{"line":61,"column":9}}],"line":59},"6":{"loc":{"start":{"line":62,"column":8},"end":{"line":64,"column":9}},"type":"if","locations":[{"start":{"line":62,"column":8},"end":{"line":64,"column":9}},{"start":{"line":62,"column":8},"end":{"line":64,"column":9}}],"line":62},"7":{"loc":{"start":{"line":62,"column":12},"end":{"line":62,"column":37}},"type":"binary-expr","locations":[{"start":{"line":62,"column":12},"end":{"line":62,"column":21}},{"start":{"line":62,"column":25},"end":{"line":62,"column":37}}],"line":62},"8":{"loc":{"start":{"line":67,"column":8},"end":{"line":69,"column":9}},"type":"if","locations":[{"start":{"line":67,"column":8},"end":{"line":69,"column":9}},{"start":{"line":67,"column":8},"end":{"line":69,"column":9}}],"line":67}},"s":{"0":7,"1":7,"2":2,"3":2,"4":2,"5":2,"6":2,"7":2,"8":3,"9":2,"10":2,"11":1,"12":4,"13":4,"14":4,"15":4,"16":4,"17":4,"18":0,"19":5,"20":0,"21":5,"22":0,"23":5,"24":5,"25":3,"26":2},"f":{"0":7,"1":2,"2":3,"3":4,"4":4,"5":0,"6":0,"7":5},"b":{"0":[7,7],"1":[7,7],"2":[2,1],"3":[4,0],"4":[4,0],"5":[0,5],"6":[0,5],"7":[5,5],"8":[3,2]},"_coverageSchema":"1a1c01bbd47fc00a2c39e90264f33305004495a9","hash":"1b2373cbbc87b491fd45682f881fc6d237663106"}
,"E:\\SourceControl\\webpack_test\\src\\data\\products.js": {"path":"E:\\SourceControl\\webpack_test\\src\\data\\products.js","statementMap":{"0":{"start":{"line":4,"column":24},"end":{"line":46,"column":1}},"1":{"start":{"line":48,"column":37},"end":{"line":52,"column":1}}},"fnMap":{},"branchMap":{},"s":{"0":2,"1":2},"f":{},"b":{},"_coverageSchema":"1a1c01bbd47fc00a2c39e90264f33305004495a9","hash":"81442c67b0d8ad78ad640cd2dbc9715a448a7ca7"}
,"E:\\SourceControl\\webpack_test\\src\\helpers\\point.js": {"path":"E:\\SourceControl\\webpack_test\\src\\helpers\\point.js","statementMap":{"0":{"start":{"line":5,"column":8},"end":{"line":5,"column":19}},"1":{"start":{"line":6,"column":8},"end":{"line":6,"column":19}},"2":{"start":{"line":14,"column":8},"end":{"line":14,"column":69}}},"fnMap":{"0":{"name":"(anonymous_0)","decl":{"start":{"line":4,"column":4},"end":{"line":4,"column":5}},"loc":{"start":{"line":4,"column":21},"end":{"line":7,"column":5}},"line":4},"1":{"name":"(anonymous_1)","decl":{"start":{"line":13,"column":4},"end":{"line":13,"column":5}},"loc":{"start":{"line":13,"column":15},"end":{"line":15,"column":5}},"line":13}},"branchMap":{},"s":{"0":4,"1":4,"2":1},"f":{"0":4,"1":1},"b":{},"_coverageSchema":"1a1c01bbd47fc00a2c39e90264f33305004495a9","hash":"0ba5c92ec3ffc3c45aaa4ee1895ead2c1785c29a"}
,"E:\\SourceControl\\webpack_test\\src\\helpers\\vector.js": {"path":"E:\\SourceControl\\webpack_test\\src\\helpers\\vector.js","statementMap":{"0":{"start":{"line":5,"column":8},"end":{"line":5,"column":25}},"1":{"start":{"line":6,"column":8},"end":{"line":6,"column":25}},"2":{"start":{"line":14,"column":8},"end":{"line":14,"column":86}},"3":{"start":{"line":18,"column":8},"end":{"line":18,"column":50}},"4":{"start":{"line":22,"column":33},"end":{"line":22,"column":91}},"5":{"start":{"line":23,"column":8},"end":{"line":23,"column":84}},"6":{"start":{"line":27,"column":8},"end":{"line":27,"column":66}},"7":{"start":{"line":31,"column":8},"end":{"line":31,"column":74}},"8":{"start":{"line":43,"column":4},"end":{"line":43,"column":48}}},"fnMap":{"0":{"name":"(anonymous_0)","decl":{"start":{"line":4,"column":4},"end":{"line":4,"column":5}},"loc":{"start":{"line":4,"column":27},"end":{"line":7,"column":5}},"line":4},"1":{"name":"(anonymous_1)","decl":{"start":{"line":13,"column":4},"end":{"line":13,"column":5}},"loc":{"start":{"line":13,"column":20},"end":{"line":15,"column":5}},"line":13},"2":{"name":"(anonymous_2)","decl":{"start":{"line":17,"column":4},"end":{"line":17,"column":5}},"loc":{"start":{"line":17,"column":13},"end":{"line":19,"column":5}},"line":17},"3":{"name":"(anonymous_3)","decl":{"start":{"line":21,"column":4},"end":{"line":21,"column":5}},"loc":{"start":{"line":21,"column":15},"end":{"line":24,"column":5}},"line":21},"4":{"name":"(anonymous_4)","decl":{"start":{"line":26,"column":4},"end":{"line":26,"column":5}},"loc":{"start":{"line":26,"column":20},"end":{"line":28,"column":5}},"line":26},"5":{"name":"(anonymous_5)","decl":{"start":{"line":30,"column":4},"end":{"line":30,"column":5}},"loc":{"start":{"line":30,"column":12},"end":{"line":32,"column":5}},"line":30},"6":{"name":"getVector","decl":{"start":{"line":42,"column":16},"end":{"line":42,"column":25}},"loc":{"start":{"line":42,"column":33},"end":{"line":44,"column":1}},"line":42}},"branchMap":{},"s":{"0":8,"1":8,"2":1,"3":1,"4":1,"5":1,"6":1,"7":2,"8":1},"f":{"0":8,"1":1,"2":1,"3":1,"4":1,"5":2,"6":1},"b":{},"_coverageSchema":"1a1c01bbd47fc00a2c39e90264f33305004495a9","hash":"ea20f3559471194cea68de273df3228412dc5498"}
}
