TN:
SF:src\core\time-sensitive.js
FN:5,(anonymous_0)
FN:9,(anonymous_1)
FN:15,(anonymous_2)
FN:25,(anonymous_3)
FNF:4
FNH:2
FNDA:3,(anonymous_0)
FNDA:0,(anonymous_1)
FNDA:4,(anonymous_2)
FNDA:0,(anonymous_3)
DA:2,3
DA:3,3
DA:6,3
DA:12,0
DA:16,4
DA:17,3
DA:18,3
DA:19,2
DA:20,2
DA:26,0
DA:27,0
LF:11
LH:8
BRDA:16,0,0,3
BRDA:16,0,1,1
BRDA:18,1,0,2
BRDA:18,1,1,1
BRF:4
BRH:4
end_of_record
TN:
SF:src\core\inventory\crafting-recipe.js
FN:11,(anonymous_0)
FNF:1
FNH:1
FNDA:6,(anonymous_0)
DA:12,6
DA:13,6
DA:14,6
LF:3
LH:3
BRF:0
BRH:0
end_of_record
TN:
SF:src\core\inventory\crate.js
FN:2,(anonymous_0)
FNF:1
FNH:1
FNDA:10,(anonymous_0)
DA:3,10
DA:4,0
DA:7,10
DA:8,0
DA:11,10
DA:12,10
LF:6
LH:4
BRDA:3,0,0,0
BRDA:3,0,1,10
BRDA:7,1,0,0
BRDA:7,1,1,10
BRF:4
BRH:2
end_of_record
TN:
SF:src\core\inventory\factory.js
FN:18,(anonymous_0)
FN:26,(anonymous_1)
FN:28,(anonymous_2)
FN:31,(anonymous_3)
FN:37,(anonymous_4)
FN:38,(anonymous_5)
FN:47,(anonymous_6)
FNF:7
FNH:7
FNDA:3,(anonymous_0)
FNDA:4,(anonymous_1)
FNDA:2,(anonymous_2)
FNDA:2,(anonymous_3)
FNDA:2,(anonymous_4)
FNDA:2,(anonymous_5)
FNDA:2,(anonymous_6)
DA:19,3
DA:20,3
DA:21,3
DA:22,3
DA:23,3
DA:27,4
DA:28,2
DA:29,2
DA:31,2
DA:34,2
DA:38,2
DA:39,2
DA:48,2
DA:49,2
LF:14
LH:14
BRDA:27,0,0,2
BRDA:27,0,1,2
BRF:2
BRH:2
end_of_record
TN:
SF:src\core\inventory\warehouse.js
FN:7,(anonymous_0)
FN:12,(anonymous_1)
FN:23,(anonymous_2)
FN:32,(anonymous_3)
FN:37,(anonymous_4)
FN:50,(anonymous_5)
FN:54,(anonymous_6)
FN:58,(anonymous_7)
FNF:8
FNH:6
FNDA:7,(anonymous_0)
FNDA:2,(anonymous_1)
FNDA:3,(anonymous_2)
FNDA:4,(anonymous_3)
FNDA:4,(anonymous_4)
FNDA:0,(anonymous_5)
FNDA:0,(anonymous_6)
FNDA:5,(anonymous_7)
DA:8,7
DA:9,7
DA:13,2
DA:14,2
DA:15,2
DA:16,2
DA:19,2
DA:20,2
DA:24,3
DA:25,2
DA:26,2
DA:29,1
DA:34,4
DA:38,4
DA:39,4
DA:40,4
DA:43,4
DA:44,4
DA:46,0
DA:59,5
DA:60,0
DA:62,5
DA:63,0
DA:66,5
DA:67,5
DA:68,3
DA:71,2
LF:27
LH:24
BRDA:8,0,0,7
BRDA:8,0,1,7
BRDA:9,1,0,7
BRDA:9,1,1,7
BRDA:24,2,0,2
BRDA:24,2,1,1
BRDA:38,3,0,4
BRDA:38,3,1,0
BRDA:39,4,0,4
BRDA:39,4,1,0
BRDA:59,5,0,0
BRDA:59,5,1,5
BRDA:62,6,0,0
BRDA:62,6,1,5
BRDA:62,7,0,5
BRDA:62,7,1,5
BRDA:67,8,0,3
BRDA:67,8,1,2
BRF:18
BRH:14
end_of_record
TN:
SF:src\data\products.js
FNF:0
FNH:0
DA:4,2
DA:48,2
LF:2
LH:2
BRF:0
BRH:0
end_of_record
TN:
SF:src\helpers\point.js
FN:4,(anonymous_0)
FN:13,(anonymous_1)
FNF:2
FNH:2
FNDA:4,(anonymous_0)
FNDA:1,(anonymous_1)
DA:5,4
DA:6,4
DA:14,1
LF:3
LH:3
BRF:0
BRH:0
end_of_record
TN:
SF:src\helpers\vector.js
FN:4,(anonymous_0)
FN:13,(anonymous_1)
FN:17,(anonymous_2)
FN:21,(anonymous_3)
FN:26,(anonymous_4)
FN:30,(anonymous_5)
FN:42,getVector
FNF:7
FNH:7
FNDA:8,(anonymous_0)
FNDA:1,(anonymous_1)
FNDA:1,(anonymous_2)
FNDA:1,(anonymous_3)
FNDA:1,(anonymous_4)
FNDA:2,(anonymous_5)
FNDA:1,getVector
DA:5,8
DA:6,8
DA:14,1
DA:18,1
DA:22,1
DA:23,1
DA:27,1
DA:31,2
DA:43,1
LF:9
LH:9
BRF:0
BRH:0
end_of_record
